<?xml version="1.0" encoding="UTF-8"?>
<!-- Generated by org.testng.reporters.JUnitXMLReporter -->
<testsuite ignored="0" hostname="DESKTOP-0CP89SK" failures="1" tests="1" name="Test" time="19.026" errors="0" timestamp="2025-03-19T11:40:31 IST">
  <testcase classname="testCase.LoginDDT" name="verifylogin1" time="0.0">
    <failure type="org.testng.TestNGException" message="
Method public void testCase.LoginDDT.verifylogin1(java.lang.String,java.lang.String,java.lang.String) requires a @DataProvider named : LoginData in class assertions.Dataproviders">
      <![CDATA[org.testng.TestNGException: 
Method public void testCase.LoginDDT.verifylogin1(java.lang.String,java.lang.String,java.lang.String) requires a @DataProvider named : LoginData in class assertions.Dataproviders
at java.base/java.util.ArrayList.forEach(ArrayList.java:1597)
... Removed 24 stack frames]]>
    </failure>
  </testcase> <!-- verifylogin1 -->
</testsuite> <!-- Test -->
